27-Nov-2024 11:57:10.559 INFO [main] org.apache.catalina.core.ApplicationContext.log ContextListener: contextInitialized()
27-Nov-2024 11:57:10.560 INFO [main] org.apache.catalina.core.ApplicationContext.log SessionListener: contextInitialized()
27-Nov-2024 11:57:10.561 INFO [main] org.apache.catalina.core.ApplicationContext.log ContextListener: attributeAdded('StockTicker', 'async.Stockticker@51e4ccb3')
27-Nov-2024 12:03:14.006 INFO [main] org.apache.catalina.core.ApplicationContext.log ContextListener: contextInitialized()
27-Nov-2024 12:03:14.006 INFO [main] org.apache.catalina.core.ApplicationContext.log SessionListener: contextInitialized()
27-Nov-2024 12:03:14.007 INFO [main] org.apache.catalina.core.ApplicationContext.log ContextListener: attributeAdded('StockTicker', 'async.Stockticker@59fc684e')
27-Nov-2024 12:03:14.103 INFO [main] org.apache.catalina.core.ApplicationContext.log SessionListener: contextDestroyed()
27-Nov-2024 12:03:14.103 INFO [main] org.apache.catalina.core.ApplicationContext.log ContextListener: contextDestroyed()
27-Nov-2024 12:16:10.795 INFO [main] org.apache.catalina.core.ApplicationContext.log ContextListener: contextInitialized()
27-Nov-2024 12:16:10.795 INFO [main] org.apache.catalina.core.ApplicationContext.log SessionListener: contextInitialized()
27-Nov-2024 12:16:10.796 INFO [main] org.apache.catalina.core.ApplicationContext.log ContextListener: attributeAdded('StockTicker', 'async.Stockticker@1b11ef33')
27-Nov-2024 12:16:10.886 INFO [main] org.apache.catalina.core.ApplicationContext.log SessionListener: contextDestroyed()
27-Nov-2024 12:16:10.886 INFO [main] org.apache.catalina.core.ApplicationContext.log ContextListener: contextDestroyed()
27-Nov-2024 12:16:21.711 INFO [http-nio-8080-exec-10] org.apache.catalina.core.ApplicationContext.log La servlet [fr.uge.jee.servlet.rectangle.RectangleServlet] est marqué comme indisponible
27-Nov-2024 12:16:21.711 SEVERE [http-nio-8080-exec-10] org.apache.catalina.core.StandardWrapperValve.invoke Exception lors de l'allocation pour la servlet [fr.uge.jee.servlet.rectangle.RectangleServlet]
	java.lang.NullPointerException: Cannot invoke "jakarta.servlet.ServletConfig.getServletContext()" because the return value of "jakarta.servlet.GenericServlet.getServletConfig()" is null
		at jakarta.servlet.GenericServlet.getServletContext(GenericServlet.java:113)
		at fr.uge.jee.servlet.rectangle.RectangleServlet.<init>(RectangleServlet.java:15)
		at java.base/jdk.internal.reflect.DirectConstructorHandleAccessor.newInstance(DirectConstructorHandleAccessor.java:62)
		at java.base/java.lang.reflect.Constructor.newInstanceWithCaller(Constructor.java:501)
		at java.base/java.lang.reflect.Constructor.newInstance(Constructor.java:485)
		at org.apache.catalina.core.DefaultInstanceManager.newInstance(DefaultInstanceManager.java:144)
		at org.apache.catalina.core.StandardWrapper.loadServlet(StandardWrapper.java:758)
		at org.apache.catalina.core.StandardWrapper.allocate(StandardWrapper.java:575)
		at org.apache.catalina.core.StandardWrapperValve.invoke(StandardWrapperValve.java:115)
		at org.apache.catalina.core.StandardContextValve.invoke(StandardContextValve.java:90)
		at org.apache.catalina.authenticator.AuthenticatorBase.invoke(AuthenticatorBase.java:483)
		at org.apache.catalina.core.StandardHostValve.invoke(StandardHostValve.java:115)
		at org.apache.catalina.valves.ErrorReportValve.invoke(ErrorReportValve.java:93)
		at org.apache.catalina.valves.AbstractAccessLogValve.invoke(AbstractAccessLogValve.java:663)
		at org.apache.catalina.core.StandardEngineValve.invoke(StandardEngineValve.java:74)
		at org.apache.catalina.connector.CoyoteAdapter.service(CoyoteAdapter.java:344)
		at org.apache.coyote.http11.Http11Processor.service(Http11Processor.java:397)
		at org.apache.coyote.AbstractProcessorLight.process(AbstractProcessorLight.java:63)
		at org.apache.coyote.AbstractProtocol$ConnectionHandler.process(AbstractProtocol.java:905)
		at org.apache.tomcat.util.net.NioEndpoint$SocketProcessor.doRun(NioEndpoint.java:1741)
		at org.apache.tomcat.util.net.SocketProcessorBase.run(SocketProcessorBase.java:52)
		at org.apache.tomcat.util.threads.ThreadPoolExecutor.runWorker(ThreadPoolExecutor.java:1190)
		at org.apache.tomcat.util.threads.ThreadPoolExecutor$Worker.run(ThreadPoolExecutor.java:659)
		at org.apache.tomcat.util.threads.TaskThread$WrappingRunnable.run(TaskThread.java:63)
		at java.base/java.lang.Thread.run(Thread.java:1575)
27-Nov-2024 12:19:09.244 INFO [main] org.apache.catalina.core.ApplicationContext.log ContextListener: contextInitialized()
27-Nov-2024 12:19:09.244 INFO [main] org.apache.catalina.core.ApplicationContext.log SessionListener: contextInitialized()
27-Nov-2024 12:19:09.245 INFO [main] org.apache.catalina.core.ApplicationContext.log ContextListener: attributeAdded('StockTicker', 'async.Stockticker@1950e8a6')
27-Nov-2024 12:19:09.335 INFO [main] org.apache.catalina.core.ApplicationContext.log SessionListener: contextDestroyed()
27-Nov-2024 12:19:09.335 INFO [main] org.apache.catalina.core.ApplicationContext.log ContextListener: contextDestroyed()
27-Nov-2024 12:19:12.884 INFO [http-nio-8080-exec-12] org.apache.catalina.core.ApplicationContext.log La servlet [fr.uge.jee.servlet.rectangle.RectangleServlet] est marqué comme indisponible
27-Nov-2024 12:19:12.884 SEVERE [http-nio-8080-exec-12] org.apache.catalina.core.StandardWrapperValve.invoke Exception lors de l'allocation pour la servlet [fr.uge.jee.servlet.rectangle.RectangleServlet]
	java.lang.NullPointerException: Cannot invoke "jakarta.servlet.ServletConfig.getServletContext()" because the return value of "jakarta.servlet.GenericServlet.getServletConfig()" is null
		at jakarta.servlet.GenericServlet.getServletContext(GenericServlet.java:113)
		at fr.uge.jee.servlet.rectangle.RectangleServlet.<init>(RectangleServlet.java:15)
		at java.base/jdk.internal.reflect.DirectConstructorHandleAccessor.newInstance(DirectConstructorHandleAccessor.java:62)
		at java.base/java.lang.reflect.Constructor.newInstanceWithCaller(Constructor.java:501)
		at java.base/java.lang.reflect.Constructor.newInstance(Constructor.java:485)
		at org.apache.catalina.core.DefaultInstanceManager.newInstance(DefaultInstanceManager.java:144)
		at org.apache.catalina.core.StandardWrapper.loadServlet(StandardWrapper.java:758)
		at org.apache.catalina.core.StandardWrapper.allocate(StandardWrapper.java:575)
		at org.apache.catalina.core.StandardWrapperValve.invoke(StandardWrapperValve.java:115)
		at org.apache.catalina.core.StandardContextValve.invoke(StandardContextValve.java:90)
		at org.apache.catalina.authenticator.AuthenticatorBase.invoke(AuthenticatorBase.java:483)
		at org.apache.catalina.core.StandardHostValve.invoke(StandardHostValve.java:115)
		at org.apache.catalina.valves.ErrorReportValve.invoke(ErrorReportValve.java:93)
		at org.apache.catalina.valves.AbstractAccessLogValve.invoke(AbstractAccessLogValve.java:663)
		at org.apache.catalina.core.StandardEngineValve.invoke(StandardEngineValve.java:74)
		at org.apache.catalina.connector.CoyoteAdapter.service(CoyoteAdapter.java:344)
		at org.apache.coyote.http11.Http11Processor.service(Http11Processor.java:397)
		at org.apache.coyote.AbstractProcessorLight.process(AbstractProcessorLight.java:63)
		at org.apache.coyote.AbstractProtocol$ConnectionHandler.process(AbstractProtocol.java:905)
		at org.apache.tomcat.util.net.NioEndpoint$SocketProcessor.doRun(NioEndpoint.java:1741)
		at org.apache.tomcat.util.net.SocketProcessorBase.run(SocketProcessorBase.java:52)
		at org.apache.tomcat.util.threads.ThreadPoolExecutor.runWorker(ThreadPoolExecutor.java:1190)
		at org.apache.tomcat.util.threads.ThreadPoolExecutor$Worker.run(ThreadPoolExecutor.java:659)
		at org.apache.tomcat.util.threads.TaskThread$WrappingRunnable.run(TaskThread.java:63)
		at java.base/java.lang.Thread.run(Thread.java:1575)
27-Nov-2024 12:21:02.992 INFO [http-nio-8080-exec-20] org.apache.catalina.core.ApplicationContext.log La servlet [fr.uge.jee.servlet.rectangle.RectangleServlet] est marqué comme indisponible
27-Nov-2024 12:21:02.992 SEVERE [http-nio-8080-exec-20] org.apache.catalina.core.StandardWrapperValve.invoke Exception lors de l'allocation pour la servlet [fr.uge.jee.servlet.rectangle.RectangleServlet]
	java.lang.NullPointerException: Cannot invoke "jakarta.servlet.ServletConfig.getServletContext()" because the return value of "jakarta.servlet.GenericServlet.getServletConfig()" is null
		at jakarta.servlet.GenericServlet.getServletContext(GenericServlet.java:113)
		at fr.uge.jee.servlet.rectangle.RectangleServlet.<init>(RectangleServlet.java:15)
		at java.base/jdk.internal.reflect.DirectConstructorHandleAccessor.newInstance(DirectConstructorHandleAccessor.java:62)
		at java.base/java.lang.reflect.Constructor.newInstanceWithCaller(Constructor.java:501)
		at java.base/java.lang.reflect.Constructor.newInstance(Constructor.java:485)
		at org.apache.catalina.core.DefaultInstanceManager.newInstance(DefaultInstanceManager.java:144)
		at org.apache.catalina.core.StandardWrapper.loadServlet(StandardWrapper.java:758)
		at org.apache.catalina.core.StandardWrapper.allocate(StandardWrapper.java:575)
		at org.apache.catalina.core.StandardWrapperValve.invoke(StandardWrapperValve.java:115)
		at org.apache.catalina.core.StandardContextValve.invoke(StandardContextValve.java:90)
		at org.apache.catalina.authenticator.AuthenticatorBase.invoke(AuthenticatorBase.java:483)
		at org.apache.catalina.core.StandardHostValve.invoke(StandardHostValve.java:115)
		at org.apache.catalina.valves.ErrorReportValve.invoke(ErrorReportValve.java:93)
		at org.apache.catalina.valves.AbstractAccessLogValve.invoke(AbstractAccessLogValve.java:663)
		at org.apache.catalina.core.StandardEngineValve.invoke(StandardEngineValve.java:74)
		at org.apache.catalina.connector.CoyoteAdapter.service(CoyoteAdapter.java:344)
		at org.apache.coyote.http11.Http11Processor.service(Http11Processor.java:397)
		at org.apache.coyote.AbstractProcessorLight.process(AbstractProcessorLight.java:63)
		at org.apache.coyote.AbstractProtocol$ConnectionHandler.process(AbstractProtocol.java:905)
		at org.apache.tomcat.util.net.NioEndpoint$SocketProcessor.doRun(NioEndpoint.java:1741)
		at org.apache.tomcat.util.net.SocketProcessorBase.run(SocketProcessorBase.java:52)
		at org.apache.tomcat.util.threads.ThreadPoolExecutor.runWorker(ThreadPoolExecutor.java:1190)
		at org.apache.tomcat.util.threads.ThreadPoolExecutor$Worker.run(ThreadPoolExecutor.java:659)
		at org.apache.tomcat.util.threads.TaskThread$WrappingRunnable.run(TaskThread.java:63)
		at java.base/java.lang.Thread.run(Thread.java:1575)
27-Nov-2024 12:21:43.264 INFO [http-nio-8080-exec-18] org.apache.catalina.core.ApplicationContext.log La servlet [fr.uge.jee.servlet.rectangle.RectangleServlet] est marqué comme indisponible
27-Nov-2024 12:21:43.264 SEVERE [http-nio-8080-exec-18] org.apache.catalina.core.StandardWrapperValve.invoke Exception lors de l'allocation pour la servlet [fr.uge.jee.servlet.rectangle.RectangleServlet]
	java.lang.NullPointerException: Cannot invoke "jakarta.servlet.ServletConfig.getServletContext()" because the return value of "jakarta.servlet.GenericServlet.getServletConfig()" is null
		at jakarta.servlet.GenericServlet.getServletContext(GenericServlet.java:113)
		at fr.uge.jee.servlet.rectangle.RectangleServlet.<init>(RectangleServlet.java:15)
		at java.base/jdk.internal.reflect.DirectConstructorHandleAccessor.newInstance(DirectConstructorHandleAccessor.java:62)
		at java.base/java.lang.reflect.Constructor.newInstanceWithCaller(Constructor.java:501)
		at java.base/java.lang.reflect.Constructor.newInstance(Constructor.java:485)
		at org.apache.catalina.core.DefaultInstanceManager.newInstance(DefaultInstanceManager.java:144)
		at org.apache.catalina.core.StandardWrapper.loadServlet(StandardWrapper.java:758)
		at org.apache.catalina.core.StandardWrapper.allocate(StandardWrapper.java:575)
		at org.apache.catalina.core.StandardWrapperValve.invoke(StandardWrapperValve.java:115)
		at org.apache.catalina.core.StandardContextValve.invoke(StandardContextValve.java:90)
		at org.apache.catalina.authenticator.AuthenticatorBase.invoke(AuthenticatorBase.java:483)
		at org.apache.catalina.core.StandardHostValve.invoke(StandardHostValve.java:115)
		at org.apache.catalina.valves.ErrorReportValve.invoke(ErrorReportValve.java:93)
		at org.apache.catalina.valves.AbstractAccessLogValve.invoke(AbstractAccessLogValve.java:663)
		at org.apache.catalina.core.StandardEngineValve.invoke(StandardEngineValve.java:74)
		at org.apache.catalina.connector.CoyoteAdapter.service(CoyoteAdapter.java:344)
		at org.apache.coyote.http11.Http11Processor.service(Http11Processor.java:397)
		at org.apache.coyote.AbstractProcessorLight.process(AbstractProcessorLight.java:63)
		at org.apache.coyote.AbstractProtocol$ConnectionHandler.process(AbstractProtocol.java:905)
		at org.apache.tomcat.util.net.NioEndpoint$SocketProcessor.doRun(NioEndpoint.java:1741)
		at org.apache.tomcat.util.net.SocketProcessorBase.run(SocketProcessorBase.java:52)
		at org.apache.tomcat.util.threads.ThreadPoolExecutor.runWorker(ThreadPoolExecutor.java:1190)
		at org.apache.tomcat.util.threads.ThreadPoolExecutor$Worker.run(ThreadPoolExecutor.java:659)
		at org.apache.tomcat.util.threads.TaskThread$WrappingRunnable.run(TaskThread.java:63)
		at java.base/java.lang.Thread.run(Thread.java:1575)
27-Nov-2024 12:27:04.490 INFO [http-nio-8080-exec-27] org.apache.catalina.core.ApplicationContext.log La servlet [fr.uge.jee.servlet.rectangle.RectangleServlet] est marqué comme indisponible
27-Nov-2024 12:27:04.490 SEVERE [http-nio-8080-exec-27] org.apache.catalina.core.StandardWrapperValve.invoke Exception lors de l'allocation pour la servlet [fr.uge.jee.servlet.rectangle.RectangleServlet]
	java.lang.NullPointerException: Cannot invoke "jakarta.servlet.ServletConfig.getServletContext()" because the return value of "jakarta.servlet.GenericServlet.getServletConfig()" is null
		at jakarta.servlet.GenericServlet.getServletContext(GenericServlet.java:113)
		at fr.uge.jee.servlet.rectangle.RectangleServlet.<init>(RectangleServlet.java:15)
		at java.base/jdk.internal.reflect.DirectConstructorHandleAccessor.newInstance(DirectConstructorHandleAccessor.java:62)
		at java.base/java.lang.reflect.Constructor.newInstanceWithCaller(Constructor.java:501)
		at java.base/java.lang.reflect.Constructor.newInstance(Constructor.java:485)
		at org.apache.catalina.core.DefaultInstanceManager.newInstance(DefaultInstanceManager.java:144)
		at org.apache.catalina.core.StandardWrapper.loadServlet(StandardWrapper.java:758)
		at org.apache.catalina.core.StandardWrapper.allocate(StandardWrapper.java:575)
		at org.apache.catalina.core.StandardWrapperValve.invoke(StandardWrapperValve.java:115)
		at org.apache.catalina.core.StandardContextValve.invoke(StandardContextValve.java:90)
		at org.apache.catalina.authenticator.AuthenticatorBase.invoke(AuthenticatorBase.java:483)
		at org.apache.catalina.core.StandardHostValve.invoke(StandardHostValve.java:115)
		at org.apache.catalina.valves.ErrorReportValve.invoke(ErrorReportValve.java:93)
		at org.apache.catalina.valves.AbstractAccessLogValve.invoke(AbstractAccessLogValve.java:663)
		at org.apache.catalina.core.StandardEngineValve.invoke(StandardEngineValve.java:74)
		at org.apache.catalina.connector.CoyoteAdapter.service(CoyoteAdapter.java:344)
		at org.apache.coyote.http11.Http11Processor.service(Http11Processor.java:397)
		at org.apache.coyote.AbstractProcessorLight.process(AbstractProcessorLight.java:63)
		at org.apache.coyote.AbstractProtocol$ConnectionHandler.process(AbstractProtocol.java:905)
		at org.apache.tomcat.util.net.NioEndpoint$SocketProcessor.doRun(NioEndpoint.java:1741)
		at org.apache.tomcat.util.net.SocketProcessorBase.run(SocketProcessorBase.java:52)
		at org.apache.tomcat.util.threads.ThreadPoolExecutor.runWorker(ThreadPoolExecutor.java:1190)
		at org.apache.tomcat.util.threads.ThreadPoolExecutor$Worker.run(ThreadPoolExecutor.java:659)
		at org.apache.tomcat.util.threads.TaskThread$WrappingRunnable.run(TaskThread.java:63)
		at java.base/java.lang.Thread.run(Thread.java:1575)
27-Nov-2024 12:32:42.845 SEVERE [http-nio-8080-exec-28] org.apache.catalina.core.StandardWrapperValve.invoke "Servlet.service()" pour la servlet [fr.uge.jee.servlet.rectangle.RectangleServlet] a généré une exception
	java.lang.NullPointerException
		at java.base/java.io.Reader.<init>(Reader.java:168)
		at java.base/java.io.InputStreamReader.<init>(InputStreamReader.java:126)
		at fr.uge.jee.servlet.rectangle.RectangleServlet.readFromInputStream(RectangleServlet.java:19)
		at fr.uge.jee.servlet.rectangle.RectangleServlet.doGet(RectangleServlet.java:27)
		at jakarta.servlet.http.HttpServlet.service(HttpServlet.java:564)
		at jakarta.servlet.http.HttpServlet.service(HttpServlet.java:658)
		at org.apache.catalina.core.ApplicationFilterChain.internalDoFilter(ApplicationFilterChain.java:195)
		at org.apache.catalina.core.ApplicationFilterChain.doFilter(ApplicationFilterChain.java:140)
		at org.apache.tomcat.websocket.server.WsFilter.doFilter(WsFilter.java:51)
		at org.apache.catalina.core.ApplicationFilterChain.internalDoFilter(ApplicationFilterChain.java:164)
		at org.apache.catalina.core.ApplicationFilterChain.doFilter(ApplicationFilterChain.java:140)
		at org.apache.catalina.core.StandardWrapperValve.invoke(StandardWrapperValve.java:167)
		at org.apache.catalina.core.StandardContextValve.invoke(StandardContextValve.java:90)
		at org.apache.catalina.authenticator.AuthenticatorBase.invoke(AuthenticatorBase.java:483)
		at org.apache.catalina.core.StandardHostValve.invoke(StandardHostValve.java:115)
		at org.apache.catalina.valves.ErrorReportValve.invoke(ErrorReportValve.java:93)
		at org.apache.catalina.valves.AbstractAccessLogValve.invoke(AbstractAccessLogValve.java:663)
		at org.apache.catalina.core.StandardEngineValve.invoke(StandardEngineValve.java:74)
		at org.apache.catalina.connector.CoyoteAdapter.service(CoyoteAdapter.java:344)
		at org.apache.coyote.http11.Http11Processor.service(Http11Processor.java:397)
		at org.apache.coyote.AbstractProcessorLight.process(AbstractProcessorLight.java:63)
		at org.apache.coyote.AbstractProtocol$ConnectionHandler.process(AbstractProtocol.java:905)
		at org.apache.tomcat.util.net.NioEndpoint$SocketProcessor.doRun(NioEndpoint.java:1741)
		at org.apache.tomcat.util.net.SocketProcessorBase.run(SocketProcessorBase.java:52)
		at org.apache.tomcat.util.threads.ThreadPoolExecutor.runWorker(ThreadPoolExecutor.java:1190)
		at org.apache.tomcat.util.threads.ThreadPoolExecutor$Worker.run(ThreadPoolExecutor.java:659)
		at org.apache.tomcat.util.threads.TaskThread$WrappingRunnable.run(TaskThread.java:63)
		at java.base/java.lang.Thread.run(Thread.java:1575)
27-Nov-2024 12:46:39.437 INFO [Thread-1] org.apache.catalina.core.ApplicationContext.log SessionListener: contextDestroyed()
27-Nov-2024 12:46:39.437 INFO [Thread-1] org.apache.catalina.core.ApplicationContext.log ContextListener: contextDestroyed()
